[ 2025-07-15 11:49:46,626] 1025 httpx - INFO - HTTP Request: GET https://dagshub.com/api/v1/user "HTTP/1.1 200 OK"
[ 2025-07-15 11:49:46,635] 107 dagshub - INFO - Accessing as Sumanthcs4
[ 2025-07-15 11:49:47,414] 1025 httpx - INFO - HTTP Request: GET https://dagshub.com/api/v1/repos/Sumanthcs4/Crop-Yield-Prediction "HTTP/1.1 200 OK"
[ 2025-07-15 11:49:48,141] 1025 httpx - INFO - HTTP Request: GET https://dagshub.com/api/v1/user "HTTP/1.1 200 OK"
[ 2025-07-15 11:49:48,145] 107 dagshub - INFO - Initialized MLflow to track repo "Sumanthcs4/Crop-Yield-Prediction"
[ 2025-07-15 11:49:48,146] 107 dagshub - INFO - Repository Sumanthcs4/Crop-Yield-Prediction initialized!
[ 2025-07-15 11:50:04,376] 36 root - INFO - Start data Ingestion
[ 2025-07-15 11:50:12,049] 98 root - INFO - Performed train-validation-test split on the DataFrame.
[ 2025-07-15 11:50:12,193] 107 root - INFO - Exported train, validation, and test file paths.
[ 2025-07-15 11:50:12,209] 39 root - INFO - Data Ingestion completed and artifact: DataIngestionArtifact(feature_store_file_path='artifacts\\07_15_2025_11_49_31\\data_ingestion\\feature_store\\crop_yield.csv', training_file_path='artifacts\\07_15_2025_11_49_31\\data_ingestion\\ingested\\train.csv', validation_file_path='artifacts\\07_15_2025_11_49_31\\data_ingestion\\ingested\\validation.csv', testing_file_path='artifacts\\07_15_2025_11_49_31\\data_ingestion\\ingested\\test.csv')
[ 2025-07-15 11:50:12,216] 49 root - INFO - Initiate the data Validation
[ 2025-07-15 11:50:12,542] 60 root - INFO - Reading validated datasets
[ 2025-07-15 11:50:12,642] 65 root - INFO - Splitting features and target
[ 2025-07-15 11:50:12,675] 48 root - INFO - Entered the save_object method of MainUtils class
[ 2025-07-15 11:50:12,675] 52 root - INFO - Exited the save_object method of MainUtils class
[ 2025-07-15 11:50:12,675] 87 root - INFO - Fitting and transforming train data
[ 2025-07-15 11:50:12,742] 93 root - INFO - Combining features with target
[ 2025-07-15 11:50:12,742] 98 root - INFO - Saving transformed datasets
[ 2025-07-15 11:50:12,742] 103 root - INFO - Saving preprocessing object
[ 2025-07-15 11:50:12,742] 48 root - INFO - Entered the save_object method of MainUtils class
[ 2025-07-15 11:50:12,757] 52 root - INFO - Exited the save_object method of MainUtils class
[ 2025-07-15 11:50:12,757] 48 root - INFO - Entered the save_object method of MainUtils class
[ 2025-07-15 11:50:12,761] 52 root - INFO - Exited the save_object method of MainUtils class
[ 2025-07-15 11:50:12,761] 107 root - INFO - Creating transformation artifact
[ 2025-07-15 11:50:48,820] 48 root - INFO - Entered the save_object method of MainUtils class
[ 2025-07-15 11:50:48,924] 52 root - INFO - Exited the save_object method of MainUtils class
[ 2025-07-15 11:50:48,924] 48 root - INFO - Entered the save_object method of MainUtils class
[ 2025-07-15 11:50:48,998] 52 root - INFO - Exited the save_object method of MainUtils class
